<?xml version="1.0" encoding="UTF-8"?>
<!-- Generated by org.testng.reporters.JUnitReportReporter -->
<testsuite hostname="LAPTOP-VEC5OK00" failures="0" tests="1" name="testscript.HomePagetest" time="6.630" errors="0" timestamp="2024-10-16T20:56:04 IST" skipped="0">
  <testcase classname="testscript.HomePagetest" name="verify_user_is_able_to_logout" time="6.630"/>
  <system-out/>
</testsuite> <!-- testscript.HomePagetest -->
